<?xml version="1.0" encoding="UTF-8"?>
<!-- Generated by org.testng.reporters.JUnitReportReporter -->
<testsuite hostname="QT-INNO-LT0915" failures="0" tests="1" name="com.herokuapp.theinternet.LoginTest" time="33.707" errors="0" timestamp="2022-07-07T15:13:32 IST" skipped="0">
  <testcase classname="com.herokuapp.theinternet.LoginTest" name="loginTest" time="33.707"/>
  <system-out/>
</testsuite> <!-- com.herokuapp.theinternet.LoginTest -->
