<?xml version="1.0" encoding="UTF-8"?>
<!-- Generated by org.testng.reporters.JUnitReportReporter -->
<testsuite hostname="QT-INNO-LT0915" failures="0" tests="2" name="com.herokuapp.theinternet.NegativeTest" time="27.316" errors="0" timestamp="2022-07-25T12:22:31 IST" skipped="0">
  <testcase classname="com.herokuapp.theinternet.NegativeTest" name="incorrectUsernameTest" time="13.822"/>
  <system-out/>
  <testcase classname="com.herokuapp.theinternet.NegativeTest" name="incorrectPasswordTest" time="13.494"/>
  <system-out/>
</testsuite> <!-- com.herokuapp.theinternet.NegativeTest -->
