<?xml version="1.0" encoding="UTF-8"?>
<!-- Generated by org.testng.reporters.JUnitReportReporter -->
<testsuite hostname="QT-INNO-LT0915" failures="0" tests="1" name="com.herokuapp.theinternet.PositiveTest" time="22.895" errors="0" timestamp="2022-07-25T12:34:52 IST" skipped="0">
  <testcase classname="com.herokuapp.theinternet.PositiveTest" name="loginTest" time="22.895"/>
  <system-out/>
</testsuite> <!-- com.herokuapp.theinternet.PositiveTest -->
