<?xml version="1.0" encoding="UTF-8"?>
<!-- Generated by org.testng.reporters.JUnitReportReporter -->
<testsuite hostname="QT-INNO-LT0915" failures="0" tests="2" name="com.herokuapp.theinternet.NegativeTest" time="29.795" errors="0" timestamp="2022-07-25T12:34:52 IST" skipped="0">
  <testcase classname="com.herokuapp.theinternet.NegativeTest" name="incorrectUsernameTest" time="15.277"/>
  <system-out/>
  <testcase classname="com.herokuapp.theinternet.NegativeTest" name="incorrectPasswordTest" time="14.518"/>
  <system-out/>
</testsuite> <!-- com.herokuapp.theinternet.NegativeTest -->
